<?xml version="1.0" encoding="UTF-8"?>
<!-- Generated by org.testng.reporters.JUnitXMLReporter -->
<testsuite ignored="0" hostname="Akeem" failures="1" tests="5" name="parallel1" time="10.455" errors="0" timestamp="2023-02-08T17:56:24 CST">
  <testcase classname="module5.NewTest23" name="openBrowser" time="2.291"/>
  <testcase classname="module5.NewTest23" name="openURL" time="1.809"/>
  <testcase classname="module5.NewTest23" name="registerSignup" time="0.0">
    <failure type="org.testng.TestNGException" message="
Parameter &amp;apos;emailValue&amp;apos; is required by @Test on method registerSignup but has not been marked @Optional or defined
in C:\Users\akeem\eclipse-workspace\SeleniumDemo1\src\module5\parallel2classes.xml">
      <![CDATA[org.testng.TestNGException: 
Parameter 'emailValue' is required by @Test on method registerSignup but has not been marked @Optional or defined
in C:\Users\akeem\eclipse-workspace\SeleniumDemo1\src\module5\parallel2classes.xml
at java.base/java.util.ArrayList.forEach(ArrayList.java:1511)
at java.base/java.util.concurrent.FutureTask.run(FutureTask.java:317)
at java.base/java.util.concurrent.ThreadPoolExecutor.runWorker(ThreadPoolExecutor.java:1144)
at java.base/java.util.concurrent.ThreadPoolExecutor$Worker.run(ThreadPoolExecutor.java:642)
at java.base/java.lang.Thread.run(Thread.java:1589)
... Removed 17 stack frames]]>
    </failure>
  </testcase> <!-- registerSignup -->
  <testcase classname="module5.NewTest23" name="signup" time="5.191"/>
  <testcase classname="module5.NewTest23" name="closeSignup" time="1.079"/>
</testsuite> <!-- parallel1 -->
